<?xml version="1.0" encoding="UTF-8"?>
<testng-results skipped="0" failed="0" ignored="0" total="1" passed="1">
  <reporter-output>
  </reporter-output>
  <suite name="Default suite" duration-ms="51694" started-at="2020-09-14T22:34:17Z" finished-at="2020-09-14T22:35:09Z">
    <groups>
      <group name="cucumber">
        <method signature="AbstractTestNGCucumberTests.feature(cucumber.api.testng.CucumberFeatureWrapper)[pri:0, instance:com.sundayMobile.e2eTests.RunTest@71c8becc]" name="feature" class="cucumber.api.testng.AbstractTestNGCucumberTests"/>
      </group> <!-- cucumber -->
    </groups>
    <test name="Default test" duration-ms="51694" started-at="2020-09-14T22:34:17Z" finished-at="2020-09-14T22:35:09Z">
      <class name="com.sundayMobile.e2eTests.RunTest">
        <test-method status="PASS" signature="setUpClass()[pri:0, instance:com.sundayMobile.e2eTests.RunTest@71c8becc]" name="setUpClass" is-config="true" duration-ms="215" started-at="2020-09-14T23:34:17Z" finished-at="2020-09-14T23:34:18Z">
          <reporter-output>
          </reporter-output>
        </test-method> <!-- setUpClass -->
        <test-method status="PASS" signature="feature(cucumber.api.testng.CucumberFeatureWrapper)[pri:0, instance:com.sundayMobile.e2eTests.RunTest@71c8becc]" name="feature" duration-ms="50913" started-at="2020-09-14T23:34:18Z" description="Runs Cucumber Feature" data-provider="features" finished-at="2020-09-14T23:35:09Z">
          <params>
            <param index="0">
              <value>
                <![CDATA[SunDay Mobile - Creation Compte]]>
              </value>
            </param>
          </params>
          <reporter-output>
          </reporter-output>
        </test-method> <!-- feature -->
        <test-method status="PASS" signature="writeExtentReport()[pri:0, instance:com.sundayMobile.e2eTests.RunTest@71c8becc]" name="writeExtentReport" is-config="true" duration-ms="116" started-at="2020-09-14T23:35:09Z" finished-at="2020-09-14T23:35:09Z">
          <reporter-output>
          </reporter-output>
        </test-method> <!-- writeExtentReport -->
        <test-method status="PASS" signature="tearDownClass()[pri:0, instance:com.sundayMobile.e2eTests.RunTest@71c8becc]" name="tearDownClass" is-config="true" duration-ms="354" started-at="2020-09-14T23:35:09Z" finished-at="2020-09-14T23:35:09Z">
          <reporter-output>
          </reporter-output>
        </test-method> <!-- tearDownClass -->
      </class> <!-- com.sundayMobile.e2eTests.RunTest -->
    </test> <!-- Default test -->
  </suite> <!-- Default suite -->
</testng-results>
